20250828-102622|Info|ProfiseeRestful(https://corpltr16.corp.profisee.com/profisee25r2, 0741a8cbebe54c2eae3d3b5cc4f49600)
20250828-102636|Info|ProfiseeRestful(https://corpltr16.corp.profisee.com/profisee25r2, 0741a8cbebe54c2eae3d3b5cc4f49600)
20250828-102636|Info|GetRecords(Entity = 'Test', GetOptions = '')
20250828-115518|Info|ProfiseeRestful(https://corpltr16.corp.profisee.com/profisee25r2, 0741a8cbebe54c2eae3d3b5cc4f49600)
20250828-115529|Info|ProfiseeRestful(https://corpltr16.corp.profisee.com/profisee25r2, 0741a8cbebe54c2eae3d3b5cc4f49600)
20250828-115529|Info|GetConnectStrategy(SQL Server [Test] Export [dbo].[tbl_Test])
20250828-115911|Info|ProfiseeRestful(https://corpltr16.corp.profisee.com/profisee25r2, 0741a8cbebe54c2eae3d3b5cc4f49600)
20250828-115911|Info|GetConnectStrategy(SQL Server [Test] Export [dbo].[tbl_Test])
20250828-120148|Info|ProfiseeRestful(https://corpltr16.corp.profisee.com/profisee25r2, 0741a8cbebe54c2eae3d3b5cc4f49600)
20250828-120148|Info|GetConnectStrategy(SQL Server [Test] Export [dbo].[tbl_Test])
20250828-120148|Error|Exception: 
20250828-120208|Info|ProfiseeRestful(https://corpltr16.corp.profisee.com/profisee25r2, 0741a8cbebe54c2eae3d3b5cc4f49600)
20250828-120208|Info|GetConnectStrategy(SQL Server [Test] Export [dbo].[tbl_Test])
20250828-120208|Error|Exception: 
20250828-120314|Info|ProfiseeRestful(https://corpltr16.corp.profisee.com/profisee25r2, 0741a8cbebe54c2eae3d3b5cc4f49600)
20250828-120314|Info|GetConnectStrategy(SQL Server [Test] Export [dbo].[tbl_Test])
20250828-120314|Error|Exception: 
20250828-120342|Info|ProfiseeRestful(https://corpltr16.corp.profisee.com/profisee25r2, 0741a8cbebe54c2eae3d3b5cc4f49600)
20250828-120342|Info|GetConnectStrategy(SQL Server [Test] Export [dbo].[tbl_Test])
20250828-120342|Error|Exception: 
20250828-120456|Info|ProfiseeRestful(https://corpltr16.corp.profisee.com/profisee25r2, 0741a8cbebe54c2eae3d3b5cc4f49600)
20250828-120456|Info|GetConnectStrategy(SQL Server [Test] Export [dbo].[tbl_Test])
20250828-120629|Info|ProfiseeRestful(https://corpltr16.corp.profisee.com/profisee25r2, 0741a8cbebe54c2eae3d3b5cc4f49600)
20250828-120629|Info|GetConnectStrategy(SQL Server [Test] Export [dbo].[tbl_Test])
20250828-121056|Info|ProfiseeRestful(https://corpltr16.corp.profisee.com/profisee25r2, 0741a8cbebe54c2eae3d3b5cc4f49600)
20250828-121056|Info|GetRecords(Entity = 'Test', GetOptions = '')
20250828-121058|Info|MergeRecords(Entity = 'Test')
20250828-121058|Info|GetConnectStrategy(SQL Server [Test] Export [dbo].[tbl_Test])
20250828-121225|Info|ProfiseeRestful(https://corpltr16.corp.profisee.com/profisee25r2, 0741a8cbebe54c2eae3d3b5cc4f49600)
20250828-121225|Info|GetRecords(Entity = 'Test', GetOptions = '')
20250828-121225|Info|MergeRecords(Entity = 'Test')
20250828-121225|Info|GetConnectStrategy(SQL Server [Test] Export [dbo].[tbl_Test])
20250828-121519|Info|ProfiseeRestful(https://corpltr16.corp.profisee.com/profisee25r2, 0741a8cbebe54c2eae3d3b5cc4f49600)
20250828-121519|Info|GetConnectStrategy(SQL Server [Test] Export [dbo].[tbl_Test])
